<?xml version="1.0" encoding="UTF-8"?>
<!-- Generated by org.testng.reporters.JUnitReportReporter -->
<testsuite skipped="0" hostname="DESKTOP-K87M0HO" name="restAPIDemo.AddBook" tests="2" failures="0" timestamp="08 Apr 2019 17:43:40 GMT" time="5.253" errors="0">
  <testcase name="addBookID" time="0.815" classname="restAPIDemo.AddBook"/>
  <testcase name="addBookID" time="4.438" classname="restAPIDemo.AddBook"/>
</testsuite> <!-- restAPIDemo.AddBook -->
